<?xml version="1.0" encoding="UTF-8"?>
<!-- Generated by org.testng.reporters.JUnitXMLReporter -->
<testsuite hostname="LAPTOP-84BNC9QL" ignored="0" name="Test1" tests="5" failures="0" timestamp="10 Nov 2019 02:13:01 GMT" time="0.07" errors="0">
  <testcase name="launchBrowser" time="0.023" classname="ParallelTest.ParellelTesting"/>
  <testcase name="launchChBrowser" time="0.002" classname="ParallelTest.ParellelTesting"/>
  <testcase name="launchffBrowser" time="0.001" classname="ParallelTest.ParellelTesting"/>
  <testcase name="launchChBrowser" time="0.002" classname="ParallelTest.ParallelTesting2"/>
  <testcase name="launchffBrowser" time="0.001" classname="ParallelTest.ParallelTesting2"/>
</testsuite> <!-- Test1 -->
