<?xml version="1.0" encoding="UTF-8"?>
<!-- Generated by org.testng.reporters.JUnitXMLReporter -->
<testsuite hostname="LAPTOP-84BNC9QL" ignored="7" name="testngTest" tests="1" failures="1" timestamp="23 Nov 2019 17:39:42 GMT" time="45.275" errors="0">
  <testcase name="@AfterMethod tearDown" time="0.002" classname="CloudPR.Com.Base.BaseClass">
    <failure type="java.lang.NullPointerException">
      <![CDATA[java.lang.NullPointerException
	at CloudPR.Com.Base.BaseClass.tearDown(BaseClass.java:127)
... Removed 27 stack frames]]>
    </failure>
  </testcase> <!-- @AfterMethod tearDown -->
  <testcase name="@AfterTest endReport" time="0.0" classname="CloudPR.Com.Base.BaseClass">
    <skipped/>
  </testcase> <!-- @AfterTest endReport -->
  <testcase name="departmentPageTitleTest" time="0.169" classname="PRcloudTesting.DepartmentTest">
    <failure type="java.lang.NullPointerException">
      <![CDATA[java.lang.NullPointerException
	at PRcloudTesting.DepartmentTest.departmentPageTitleTest(DepartmentTest.java:20)
... Removed 25 stack frames]]>
    </failure>
  </testcase> <!-- departmentPageTitleTest -->
  <testcase name="gettingdatfromwebpage" time="0.0" classname="PRcloudTesting.EmployeeSetupTest">
    <ignored/>
  </testcase> <!-- gettingdatfromwebpage -->
  <testcase name="@AfterTest endReport" time="0.0" classname="CloudPR.Com.Base.BaseClass">
    <ignored/>
  </testcase> <!-- @AfterTest endReport -->
  <testcase name="@AfterTest endReport" time="0.0" classname="CloudPR.Com.Base.BaseClass">
    <ignored/>
  </testcase> <!-- @AfterTest endReport -->
  <testcase name="setcmp" time="0.0" classname="PRcloudTesting.CompanyInfoTesting">
    <ignored/>
  </testcase> <!-- setcmp -->
  <testcase name="@BeforeTest setExtent" time="0.0" classname="CloudPR.Com.Base.BaseClass">
    <ignored/>
  </testcase> <!-- @BeforeTest setExtent -->
  <testcase name="@BeforeTest setExtent" time="0.0" classname="CloudPR.Com.Base.BaseClass">
    <ignored/>
  </testcase> <!-- @BeforeTest setExtent -->
  <testcase name="validatingEmployee" time="0.0" classname="PRcloudTesting.EmployeeSetupTest">
    <ignored/>
  </testcase> <!-- validatingEmployee -->
</testsuite> <!-- testngTest -->
